#
# A fatal error has been detected by the Java Runtime Environment:
#
#  SIGBUS (0x7) at pc=0x00007f77ebdf6522, pid=23997, tid=0x00007f77d08a2700
#
# JRE version: Java(TM) SE Runtime Environment (8.0_161-b12) (build 1.8.0_161-b12)
# Java VM: Java HotSpot(TM) 64-Bit Server VM (25.161-b12 mixed mode linux-amd64 compressed oops)
# Problematic frame:
# C  [libzip.so+0x12522]  newEntry+0x62
#
# Failed to write core dump. Core dumps have been disabled. To enable core dumping, try "ulimit -c unlimited" before starting Java again
#
# If you would like to submit a bug report, please visit:
#   http://bugreport.java.com/bugreport/crash.jsp
# The crash happened outside the Java Virtual Machine in native code.
# See problematic frame for where to report the bug.
#

---------------  T H R E A D  ---------------

Current thread (0x00007f7770005800):  JavaThread "Thread-3" [_thread_in_native, id=24295, stack(0x00007f77d07a2000,0x00007f77d08a3000)]

siginfo: si_signo: 7 (SIGBUS), si_code: 2 (BUS_ADRERR), si_addr: 0x00007f77d3b71020

Registers:
RAX=0x00007f7720001040, RBX=0x00007f77ec2717b0, RCX=0x00007f7720000020, RDX=0x00007f7720001040
RSP=0x00007f77d089efe0, RBP=0x00007f77d089f030, RSI=0x000000000208002c, RDI=0x0000000000000000
R8 =0x00007f7720000198, R9 =0x0000000000000050, R10=0x00007f77dcf54518, R11=0x000000077bf23258
R12=0x00007f77d3b71003, R13=0x00007f7720001040, R14=0x0000000054589111, R15=0x00007f77ec2320b0
RIP=0x00007f77ebdf6522, EFLAGS=0x0000000000010206, CSGSFS=0x002b000000000033, ERR=0x0000000000000004
  TRAPNO=0x000000000000000e

Top of Stack: (sp=0x00007f77d089efe0)
0x00007f77d089efe0:   00000000804ac810 00007f7700000000
0x00007f77d089eff0:   00000007c00007a8 00007f77f1c5c86e
0x00007f77d089f000:   00007f7720001040 00007f77ec2717b0
0x00007f77d089f010:   00007f777564c420 00007f77ec2320b0
0x00007f77d089f020:   0000000054589111 000000000000002d
0x00007f77d089f030:   00007f77d089f090 00007f77ebdf6c7f
0x00007f77d089f040:   00007f7770005800 010000000000000c
0x00007f77d089f050:   00007f77d089f0b0 00007f77d089f0de
0x00007f77d089f060:   00007f77d089f0dc 00007f77d089f0b0
0x00007f77d089f070:   000000000000002d 00007f77700059f8
0x00007f77d089f080:   00007f77d089f508 0000000000000001
0x00007f77d089f090:   00007f77d089f4f0 00007f77ebde7ec0
0x00007f77d089f0a0:   00000000d2e05a68 00007f77ec2320b0
0x00007f77d089f0b0:   636170612f67726f 6c617461632f6568
0x00007f77d089f0c0:   6566694c2f616e69 695324656c637963
0x00007f77d089f0d0:   2e657355656c676e 0000007373616c63
0x00007f77d089f0e0:   0000007ed0a9f5e8 00007f77d3835d18
0x00007f77d089f0f0:   00007f77d2162540 03030000fffffcff
0x00007f77d089f100:   03030303d321ddf8 0000030303030303
0x00007f77d089f110:   00007f77d08a0301 00007f77d2e054c0
0x00007f77d089f120:   00007f77d2e054c0 00007f77d089f150
0x00007f77d089f130:   00007f77dcf1bcd0 00000000d28998a0
0x00007f77d089f140:   00007f77d089f1a0 00007f77f1c5fe22
0x00007f77d089f150:   00007f77dd0b2f3c 00007f77d288df40
0x00007f77d089f160:   00007f77ec006120 00007f77d2899880
0x00007f77d089f170:   00000007c00016d0 00007f77ec006120
0x00007f77d089f180:   00007f778c561ee0 00000007d2e05a68
0x00007f77d089f190:   00007f77d2e05a68 00007f77f23e7c2e
0x00007f77d089f1a0:   00007f77d089f1e0 0000000000000035
0x00007f77d089f1b0:   00007f77d2e05480 00007f77d089f760
0x00007f77d089f1c0:   00007f77d089f750 00007f77f1ea862a
0x00007f77d089f1d0:   00007f77d089f8f0 0000000000000000 

Instructions: (pc=0x00007f77ebdf6522)
0x00007f77ebdf6502:   00 48 c7 40 28 00 00 00 00 41 80 7f 30 00 0f 84
0x00007f77ebdf6512:   8a 02 00 00 4c 8b 63 08 4d 2b 67 28 4d 03 67 18
0x00007f77ebdf6522:   41 0f b6 5c 24 1d 41 0f b6 44 24 1c c1 e3 08 09
0x00007f77ebdf6532:   c3 41 0f b6 44 24 1e 88 45 bd 41 0f b6 54 24 20 

Register to memory mapping:

RAX=0x00007f7720001040 is an unknown value
RBX=0x00007f77ec2717b0 is an unknown value
RCX=0x00007f7720000020 is an unknown value
RDX=0x00007f7720001040 is an unknown value
RSP=0x00007f77d089efe0 is pointing into the stack for thread: 0x00007f7770005800
RBP=0x00007f77d089f030 is pointing into the stack for thread: 0x00007f7770005800
RSI=0x000000000208002c is an unknown value
RDI=0x0000000000000000 is an unknown value
R8 =0x00007f7720000198 is an unknown value
R9 =0x0000000000000050 is an unknown value
R10=0x00007f77dcf54518 is at entry_point+88 in (nmethod*)0x00007f77dcf54350
R11=0x000000077bf23258 is an oop
